<?xml version="1.0" encoding="UTF-8"?>
<testsuite xmlns:xsi="http://www.w3.org/2001/XMLSchema-instance" xsi:noNamespaceSchemaLocation="https://maven.apache.org/surefire/maven-surefire-plugin/xsd/surefire-test-report.xsd" name="th.ac.ku.DepositCashTest" time="0.05" tests="13" errors="0" skipped="0" failures="0">
  <properties>
[...]
</properties>
  <testcase name="age_More_Than_20_Result_Should_Be_True" classname="th.ac.ku.DepositCashTest" time="0.022"/>
  <testcase name="daily_Deposit_More_Than_50000_Result_Should_Be_False" classname="th.ac.ku.DepositCashTest" time="0.001"/>
  <testcase name="age_Less_Than_15_Result_Should_Be_False" classname="th.ac.ku.DepositCashTest" time="0.001"/>
  <testcase name="deposit_equal_to_30000_Result_Should_Be_True" classname="th.ac.ku.DepositCashTest" time="0"/>
  <testcase name="deposit_Less_Than_30000_Result_Should_Be_True" classname="th.ac.ku.DepositCashTest" time="0.001"/>
  <testcase name="daily_Deposit_Equal_to_50000_Result_Should_Be_True" classname="th.ac.ku.DepositCashTest" time="0.002"/>
  <testcase name="age_Equal_To_15_Result_Should_Be_True" classname="th.ac.ku.DepositCashTest" time="0.006"/>
  <testcase name="age_More_Than_15_Result_Should_Be_True" classname="th.ac.ku.DepositCashTest" time="0"/>
  <testcase name="valid_Account_Result_Should_Be_True" classname="th.ac.ku.DepositCashTest" time="0.001"/>
  <testcase name="invalid_Account_Result_Should_Be_True" classname="th.ac.ku.DepositCashTest" time="0.002"/>
  <testcase name="daily_Deposit_Less_Than_50000_Result_Should_Be_True" classname="th.ac.ku.DepositCashTest" time="0.003"/>
  <testcase name="deposit_more_than_30000_Result_Should_Be_False" classname="th.ac.ku.DepositCashTest" time="0.004"/>
  <testcase name="age_Equal_To_20_Result_Should_Be_True" classname="th.ac.ku.DepositCashTest" time="0"/>
</testsuite>